<?xml version="1.0" encoding="UTF-8"?>
<testng-results ignored="0" total="3" passed="3" failed="0" skipped="0">
  <reporter-output>
  </reporter-output>
  <suite started-at="2025-07-15T10:09:39 IST" name="Suite" finished-at="2025-07-15T10:09:39 IST" duration-ms="107">
    <groups>
    </groups>
    <test started-at="2025-07-15T10:09:39 IST" name="Test" finished-at="2025-07-15T10:09:39 IST" duration-ms="107">
      <class name="practice.Sample">
        <test-method is-config="true" signature="configBS()[pri:0, instance:practice.Sample@5aa9e4eb]" started-at="2025-07-15T10:09:39 IST" name="configBS" finished-at="2025-07-15T10:09:39 IST" duration-ms="12" status="PASS">
          <reporter-output>
          </reporter-output>
        </test-method> <!-- configBS -->
        <test-method is-config="true" signature="configBS2()[pri:0, instance:practice.Sample@5aa9e4eb]" started-at="2025-07-15T10:09:39 IST" name="configBS2" finished-at="2025-07-15T10:09:39 IST" duration-ms="0" status="PASS">
          <reporter-output>
          </reporter-output>
        </test-method> <!-- configBS2 -->
        <test-method is-config="true" signature="configBS3()[pri:0, instance:practice.Sample@5aa9e4eb]" started-at="2025-07-15T10:09:39 IST" name="configBS3" finished-at="2025-07-15T10:09:39 IST" duration-ms="0" status="PASS">
          <reporter-output>
          </reporter-output>
        </test-method> <!-- configBS3 -->
        <test-method is-config="true" signature="configBC()[pri:0, instance:practice.Sample@5aa9e4eb]" started-at="2025-07-15T10:09:39 IST" name="configBC" finished-at="2025-07-15T10:09:39 IST" duration-ms="1" status="PASS">
          <reporter-output>
          </reporter-output>
        </test-method> <!-- configBC -->
        <test-method is-config="true" signature="configBC1()[pri:0, instance:practice.Sample@5aa9e4eb]" started-at="2025-07-15T10:09:39 IST" name="configBC1" finished-at="2025-07-15T10:09:39 IST" duration-ms="0" status="PASS">
          <reporter-output>
          </reporter-output>
        </test-method> <!-- configBC1 -->
        <test-method is-config="true" signature="configBM()[pri:0, instance:practice.Sample@5aa9e4eb]" started-at="2025-07-15T10:09:39 IST" name="configBM" finished-at="2025-07-15T10:09:39 IST" duration-ms="1" status="PASS">
          <reporter-output>
          </reporter-output>
        </test-method> <!-- configBM -->
        <test-method is-config="true" signature="configBM1()[pri:0, instance:practice.Sample@5aa9e4eb]" started-at="2025-07-15T10:09:39 IST" name="configBM1" finished-at="2025-07-15T10:09:39 IST" duration-ms="0" status="PASS">
          <reporter-output>
          </reporter-output>
        </test-method> <!-- configBM1 -->
        <test-method is-config="true" signature="configBM2()[pri:0, instance:practice.Sample@5aa9e4eb]" started-at="2025-07-15T10:09:39 IST" name="configBM2" finished-at="2025-07-15T10:09:39 IST" duration-ms="1" status="PASS">
          <reporter-output>
          </reporter-output>
        </test-method> <!-- configBM2 -->
        <test-method signature="createContact()[pri:0, instance:practice.Sample@5aa9e4eb]" started-at="2025-07-15T10:09:39 IST" name="createContact" finished-at="2025-07-15T10:09:39 IST" duration-ms="14" status="PASS">
          <reporter-output>
          </reporter-output>
        </test-method> <!-- createContact -->
        <test-method is-config="true" signature="configAM()[pri:0, instance:practice.Sample@5aa9e4eb]" started-at="2025-07-15T10:09:39 IST" name="configAM" finished-at="2025-07-15T10:09:39 IST" duration-ms="2" status="PASS">
          <reporter-output>
          </reporter-output>
        </test-method> <!-- configAM -->
        <test-method is-config="true" signature="configAM1()[pri:0, instance:practice.Sample@5aa9e4eb]" started-at="2025-07-15T10:09:39 IST" name="configAM1" finished-at="2025-07-15T10:09:39 IST" duration-ms="1" status="PASS">
          <reporter-output>
          </reporter-output>
        </test-method> <!-- configAM1 -->
        <test-method is-config="true" signature="configAM2()[pri:0, instance:practice.Sample@5aa9e4eb]" started-at="2025-07-15T10:09:39 IST" name="configAM2" finished-at="2025-07-15T10:09:39 IST" duration-ms="0" status="PASS">
          <reporter-output>
          </reporter-output>
        </test-method> <!-- configAM2 -->
        <test-method is-config="true" signature="configBM1()[pri:0, instance:practice.Sample@5aa9e4eb]" started-at="2025-07-15T10:09:39 IST" name="configBM1" finished-at="2025-07-15T10:09:39 IST" duration-ms="2" status="PASS">
          <reporter-output>
          </reporter-output>
        </test-method> <!-- configBM1 -->
        <test-method is-config="true" signature="configBM()[pri:0, instance:practice.Sample@5aa9e4eb]" started-at="2025-07-15T10:09:39 IST" name="configBM" finished-at="2025-07-15T10:09:39 IST" duration-ms="0" status="PASS">
          <reporter-output>
          </reporter-output>
        </test-method> <!-- configBM -->
        <test-method is-config="true" signature="configBM2()[pri:0, instance:practice.Sample@5aa9e4eb]" started-at="2025-07-15T10:09:39 IST" name="configBM2" finished-at="2025-07-15T10:09:39 IST" duration-ms="1" status="PASS">
          <reporter-output>
          </reporter-output>
        </test-method> <!-- configBM2 -->
        <test-method signature="createOrg()[pri:0, instance:practice.Sample@5aa9e4eb]" started-at="2025-07-15T10:09:39 IST" name="createOrg" finished-at="2025-07-15T10:09:39 IST" duration-ms="5" status="PASS">
          <reporter-output>
          </reporter-output>
        </test-method> <!-- createOrg -->
        <test-method is-config="true" signature="configAM()[pri:0, instance:practice.Sample@5aa9e4eb]" started-at="2025-07-15T10:09:39 IST" name="configAM" finished-at="2025-07-15T10:09:39 IST" duration-ms="1" status="PASS">
          <reporter-output>
          </reporter-output>
        </test-method> <!-- configAM -->
        <test-method is-config="true" signature="configAM1()[pri:0, instance:practice.Sample@5aa9e4eb]" started-at="2025-07-15T10:09:39 IST" name="configAM1" finished-at="2025-07-15T10:09:39 IST" duration-ms="1" status="PASS">
          <reporter-output>
          </reporter-output>
        </test-method> <!-- configAM1 -->
        <test-method is-config="true" signature="configAM2()[pri:0, instance:practice.Sample@5aa9e4eb]" started-at="2025-07-15T10:09:39 IST" name="configAM2" finished-at="2025-07-15T10:09:39 IST" duration-ms="0" status="PASS">
          <reporter-output>
          </reporter-output>
        </test-method> <!-- configAM2 -->
        <test-method is-config="true" signature="configBM()[pri:0, instance:practice.Sample@5aa9e4eb]" started-at="2025-07-15T10:09:39 IST" name="configBM" finished-at="2025-07-15T10:09:39 IST" duration-ms="0" status="PASS">
          <reporter-output>
          </reporter-output>
        </test-method> <!-- configBM -->
        <test-method is-config="true" signature="configBM1()[pri:0, instance:practice.Sample@5aa9e4eb]" started-at="2025-07-15T10:09:39 IST" name="configBM1" finished-at="2025-07-15T10:09:39 IST" duration-ms="2" status="PASS">
          <reporter-output>
          </reporter-output>
        </test-method> <!-- configBM1 -->
        <test-method is-config="true" signature="configBM2()[pri:0, instance:practice.Sample@5aa9e4eb]" started-at="2025-07-15T10:09:39 IST" name="configBM2" finished-at="2025-07-15T10:09:39 IST" duration-ms="3" status="PASS">
          <reporter-output>
          </reporter-output>
        </test-method> <!-- configBM2 -->
        <test-method signature="createTrucker()[pri:0, instance:practice.Sample@5aa9e4eb]" started-at="2025-07-15T10:09:39 IST" name="createTrucker" finished-at="2025-07-15T10:09:39 IST" duration-ms="2" status="PASS">
          <reporter-output>
          </reporter-output>
        </test-method> <!-- createTrucker -->
        <test-method is-config="true" signature="configAM()[pri:0, instance:practice.Sample@5aa9e4eb]" started-at="2025-07-15T10:09:39 IST" name="configAM" finished-at="2025-07-15T10:09:39 IST" duration-ms="1" status="PASS">
          <reporter-output>
          </reporter-output>
        </test-method> <!-- configAM -->
        <test-method is-config="true" signature="configAM1()[pri:0, instance:practice.Sample@5aa9e4eb]" started-at="2025-07-15T10:09:39 IST" name="configAM1" finished-at="2025-07-15T10:09:39 IST" duration-ms="1" status="PASS">
          <reporter-output>
          </reporter-output>
        </test-method> <!-- configAM1 -->
        <test-method is-config="true" signature="configAM2()[pri:0, instance:practice.Sample@5aa9e4eb]" started-at="2025-07-15T10:09:39 IST" name="configAM2" finished-at="2025-07-15T10:09:39 IST" duration-ms="1" status="PASS">
          <reporter-output>
          </reporter-output>
        </test-method> <!-- configAM2 -->
        <test-method is-config="true" signature="configAC()[pri:0, instance:practice.Sample@5aa9e4eb]" started-at="2025-07-15T10:09:39 IST" name="configAC" finished-at="2025-07-15T10:09:39 IST" duration-ms="0" status="PASS">
          <reporter-output>
          </reporter-output>
        </test-method> <!-- configAC -->
        <test-method is-config="true" signature="configAC1()[pri:0, instance:practice.Sample@5aa9e4eb]" started-at="2025-07-15T10:09:39 IST" name="configAC1" finished-at="2025-07-15T10:09:39 IST" duration-ms="0" status="PASS">
          <reporter-output>
          </reporter-output>
        </test-method> <!-- configAC1 -->
        <test-method is-config="true" signature="configAs()[pri:0, instance:practice.Sample@5aa9e4eb]" started-at="2025-07-15T10:09:39 IST" name="configAs" finished-at="2025-07-15T10:09:39 IST" duration-ms="1" status="PASS">
          <reporter-output>
          </reporter-output>
        </test-method> <!-- configAs -->
        <test-method is-config="true" signature="configAs3()[pri:0, instance:practice.Sample@5aa9e4eb]" started-at="2025-07-15T10:09:39 IST" name="configAs3" finished-at="2025-07-15T10:09:39 IST" duration-ms="0" status="PASS">
          <reporter-output>
          </reporter-output>
        </test-method> <!-- configAs3 -->
        <test-method is-config="true" signature="configAs2()[pri:0, instance:practice.Sample@5aa9e4eb]" started-at="2025-07-15T10:09:39 IST" name="configAs2" finished-at="2025-07-15T10:09:39 IST" duration-ms="0" status="PASS">
          <reporter-output>
          </reporter-output>
        </test-method> <!-- configAs2 -->
      </class> <!-- practice.Sample -->
    </test> <!-- Test -->
  </suite> <!-- Suite -->
</testng-results>
